This file contains any messages produced by compilers while
running configure, to aid debugging if configure makes a mistake.

It was created by configure, which was
generated by GNU Autoconf 2.68.  Invocation command line was

  $ ./configure 

## --------- ##
## Platform. ##
## --------- ##

hostname = Bashos-MacBook-Air.local
uname -m = x86_64
uname -r = 12.3.0
uname -s = Darwin
uname -v = Darwin Kernel Version 12.3.0: Sun Jan  6 22:37:10 PST 2013; root:xnu-2050.22.13~1/RELEASE_X86_64

/usr/bin/uname -p = i386
/bin/uname -X     = unknown

/bin/arch              = unknown
/usr/bin/arch -k       = unknown
/usr/convex/getsysinfo = unknown
/usr/bin/hostinfo      = Mach kernel version:
	 Darwin Kernel Version 12.3.0: Sun Jan  6 22:37:10 PST 2013; root:xnu-2050.22.13~1/RELEASE_X86_64
Kernel configured for up to 4 processors.
2 processors are physically available.
4 processors are logically available.
Processor type: i486 (Intel 80486)
Processors active: 0 1 2 3
Primary memory available: 8.00 gigabytes
Default processor set: 176 tasks, 911 threads, 4 processors
Load average: 0.60, Mach factor: 3.39
/bin/machine           = unknown
/usr/bin/oslevel       = unknown
/bin/universe          = unknown

PATH: /usr/bin
PATH: /bin
PATH: /usr/sbin
PATH: /sbin
PATH: /usr/local/bin
PATH: /usr/local/git/bin
PATH: /Users/nathan/.rvm/bin


## ----------- ##
## Core tests. ##
## ----------- ##

configure:2125: checking for uname
configure:2141: found /usr/bin/uname
configure:2153: result: 1
configure:2316: checking for gcc
configure:2332: found /usr/bin/gcc
configure:2343: result: gcc
configure:2572: checking for C compiler version
configure:2581: gcc --version >&5
i686-apple-darwin11-llvm-gcc-4.2 (GCC) 4.2.1 (Based on Apple Inc. build 5658) (LLVM build 2336.11.00)
Copyright (C) 2007 Free Software Foundation, Inc.
This is free software; see the source for copying conditions.  There is NO
warranty; not even for MERCHANTABILITY or FITNESS FOR A PARTICULAR PURPOSE.

configure:2592: $? = 0
configure:2581: gcc -v >&5
Using built-in specs.
Target: i686-apple-darwin11
Configured with: /private/var/tmp/llvmgcc42/llvmgcc42-2336.11~182/src/configure --disable-checking --enable-werror --prefix=/Applications/Xcode.app/Contents/Developer/usr/llvm-gcc-4.2 --mandir=/share/man --enable-languages=c,objc,c++,obj-c++ --program-prefix=llvm- --program-transform-name=/^[cg][^.-]*$/s/$/-4.2/ --with-slibdir=/usr/lib --build=i686-apple-darwin11 --enable-llvm=/private/var/tmp/llvmgcc42/llvmgcc42-2336.11~182/dst-llvmCore/Developer/usr/local --program-prefix=i686-apple-darwin11- --host=x86_64-apple-darwin11 --target=i686-apple-darwin11 --with-gxx-include-dir=/usr/include/c++/4.2.1
Thread model: posix
gcc version 4.2.1 (Based on Apple Inc. build 5658) (LLVM build 2336.11.00)
configure:2592: $? = 0
configure:2581: gcc -V >&5
llvm-gcc-4.2: argument to `-V' is missing
configure:2592: $? = 1
configure:2581: gcc -qversion >&5
i686-apple-darwin11-llvm-gcc-4.2: no input files
configure:2592: $? = 1
configure:2612: checking whether the C compiler works
configure:2634: gcc -arch x86_64 -Wall -O3 -fPIC  -arch x86_64 conftest.c  >&5
configure:2638: $? = 0
configure:2686: result: yes
configure:2689: checking for C compiler default output file name
configure:2691: result: a.out
configure:2697: checking for suffix of executables
configure:2704: gcc -o conftest -arch x86_64 -Wall -O3 -fPIC  -arch x86_64 conftest.c  >&5
configure:2708: $? = 0
configure:2730: result: 
configure:2752: checking whether we are cross compiling
configure:2760: gcc -o conftest -arch x86_64 -Wall -O3 -fPIC  -arch x86_64 conftest.c  >&5
configure:2764: $? = 0
configure:2771: ./conftest
configure:2775: $? = 0
configure:2790: result: no
configure:2795: checking for suffix of object files
configure:2817: gcc -c -arch x86_64 -Wall -O3 -fPIC  conftest.c >&5
configure:2821: $? = 0
configure:2842: result: o
configure:2846: checking whether we are using the GNU C compiler
configure:2865: gcc -c -arch x86_64 -Wall -O3 -fPIC  conftest.c >&5
configure:2865: $? = 0
configure:2874: result: yes
configure:2883: checking whether gcc accepts -g
configure:2903: gcc -c -g  conftest.c >&5
configure:2903: $? = 0
configure:2944: result: yes
configure:2961: checking for gcc option to accept ISO C89
configure:3025: gcc  -c -arch x86_64 -Wall -O3 -fPIC  conftest.c >&5
configure:3025: $? = 0
configure:3038: result: none needed
configure:3071: checking for gfortran
configure:3101: result: no
configure:3071: checking for g95
configure:3101: result: no
configure:3071: checking for g77
configure:3101: result: no
configure:3071: checking for f77
configure:3101: result: no
configure:3071: checking for ifort
configure:3101: result: no
configure:3071: checking for f95
configure:3101: result: no
configure:3071: checking for f90
configure:3101: result: no
configure:3071: checking for xlf
configure:3101: result: no
configure:3071: checking for cf77
configure:3101: result: no
configure:3071: checking for gf77
configure:3101: result: no
configure:3071: checking for af77
configure:3101: result: no
configure:3071: checking for ncf
configure:3101: result: no
configure:3071: checking for f2c
configure:3101: result: no
configure:3111: WARNING: cfitsio: == No acceptable Fortran compiler found in $PATH
configure:3113: cfitsio: == Adding wrapper support for GNU Fortran by default
configure:3182: checking for ranlib
configure:3198: found /usr/bin/ranlib
configure:3209: result: ranlib
configure:3238: checking how to run the C preprocessor
configure:3269: gcc -E  conftest.c
configure:3269: $? = 0
configure:3283: gcc -E  conftest.c
conftest.c:9:28: error: ac_nonexistent.h: No such file or directory
configure:3283: $? = 1
configure: failed program was:
| /* confdefs.h */
| #define PACKAGE_NAME ""
| #define PACKAGE_TARNAME ""
| #define PACKAGE_VERSION ""
| #define PACKAGE_STRING ""
| #define PACKAGE_BUGREPORT ""
| #define PACKAGE_URL ""
| /* end confdefs.h.  */
| #include <ac_nonexistent.h>
configure:3308: result: gcc -E
configure:3328: gcc -E  conftest.c
configure:3328: $? = 0
configure:3342: gcc -E  conftest.c
conftest.c:9:28: error: ac_nonexistent.h: No such file or directory
configure:3342: $? = 1
configure: failed program was:
| /* confdefs.h */
| #define PACKAGE_NAME ""
| #define PACKAGE_TARNAME ""
| #define PACKAGE_VERSION ""
| #define PACKAGE_STRING ""
| #define PACKAGE_BUGREPORT ""
| #define PACKAGE_URL ""
| /* end confdefs.h.  */
| #include <ac_nonexistent.h>
configure:3371: checking for grep that handles long lines and -e
configure:3429: result: /usr/bin/grep
configure:3434: checking for egrep
configure:3496: result: /usr/bin/grep -E
configure:3501: checking for ANSI C header files
configure:3521: gcc -c -arch x86_64 -Wall -O3 -fPIC  conftest.c >&5
configure:3521: $? = 0
configure:3594: gcc -o conftest -arch x86_64 -Wall -O3 -fPIC  -arch x86_64 conftest.c  >&5
configure:3594: $? = 0
configure:3594: ./conftest
configure:3594: $? = 0
configure:3605: result: yes
configure:3618: checking for sys/types.h
configure:3618: gcc -c -arch x86_64 -Wall -O3 -fPIC  conftest.c >&5
configure:3618: $? = 0
configure:3618: result: yes
configure:3618: checking for sys/stat.h
configure:3618: gcc -c -arch x86_64 -Wall -O3 -fPIC  conftest.c >&5
configure:3618: $? = 0
configure:3618: result: yes
configure:3618: checking for stdlib.h
configure:3618: gcc -c -arch x86_64 -Wall -O3 -fPIC  conftest.c >&5
configure:3618: $? = 0
configure:3618: result: yes
configure:3618: checking for string.h
configure:3618: gcc -c -arch x86_64 -Wall -O3 -fPIC  conftest.c >&5
configure:3618: $? = 0
configure:3618: result: yes
configure:3618: checking for memory.h
configure:3618: gcc -c -arch x86_64 -Wall -O3 -fPIC  conftest.c >&5
configure:3618: $? = 0
configure:3618: result: yes
configure:3618: checking for strings.h
configure:3618: gcc -c -arch x86_64 -Wall -O3 -fPIC  conftest.c >&5
configure:3618: $? = 0
configure:3618: result: yes
configure:3618: checking for inttypes.h
configure:3618: gcc -c -arch x86_64 -Wall -O3 -fPIC  conftest.c >&5
configure:3618: $? = 0
configure:3618: result: yes
configure:3618: checking for stdint.h
configure:3618: gcc -c -arch x86_64 -Wall -O3 -fPIC  conftest.c >&5
configure:3618: $? = 0
configure:3618: result: yes
configure:3618: checking for unistd.h
configure:3618: gcc -c -arch x86_64 -Wall -O3 -fPIC  conftest.c >&5
configure:3618: $? = 0
configure:3618: result: yes
configure:3633: checking for stdlib.h
configure:3633: result: yes
configure:3633: checking for string.h
configure:3633: result: yes
configure:3633: checking math.h usability
configure:3633: gcc -c -arch x86_64 -Wall -O3 -fPIC  conftest.c >&5
configure:3633: $? = 0
configure:3633: result: yes
configure:3633: checking math.h presence
configure:3633: gcc -E  conftest.c
configure:3633: $? = 0
configure:3633: result: yes
configure:3633: checking for math.h
configure:3633: result: yes
configure:3633: checking limits.h usability
configure:3633: gcc -c -arch x86_64 -Wall -O3 -fPIC  conftest.c >&5
configure:3633: $? = 0
configure:3633: result: yes
configure:3633: checking limits.h presence
configure:3633: gcc -E  conftest.c
configure:3633: $? = 0
configure:3633: result: yes
configure:3633: checking for limits.h
configure:3633: result: yes
configure:3656: gcc -c -arch x86_64 -Wall -O3 -fPIC  conftest.c >&5
configure:3656: $? = 0
configure:3738: checking whether gcc accepts -arch i386 -arch x86_64
configure:3757: gcc -c -arch x86_64 -Wall -O3 -fPIC -arch i386 -arch x86_64  conftest.c >&5
configure:3757: $? = 0
configure:3763: result: yes
configure:3968: checking "whether ftruncate works"
configure:3984: gcc -o conftest -arch x86_64 -Wall -O3 -fPIC -arch i386 -arch x86_64 -Dg77Fortran -fPIC -fno-common  -arch x86_64 conftest.c  >&5
configure:3984: $? = 0
configure:3988: result: "yes"
configure:4002: checking "whether long long is defined"
configure:4018: gcc -c -arch x86_64 -Wall -O3 -fPIC -arch i386 -arch x86_64 -Dg77Fortran -fPIC -fno-common  conftest.c >&5
conftest.c: In function 'main':
conftest.c:32: warning: unused variable 'filler'
conftest.c: In function 'main':
conftest.c:32: warning: unused variable 'filler'
configure:4018: $? = 0
configure:4022: result: "yes"
configure:4043: checking "whether system V style IPC services are supported"
configure:4064: gcc -o conftest -arch x86_64 -Wall -O3 -fPIC -arch i386 -arch x86_64 -Dg77Fortran -fPIC -fno-common  -arch x86_64 conftest.c  >&5
configure:4064: $? = 0
configure:4069: result: "yes"
configure:4085: checking "do we have flock_t defined in sys/fcntl.h"
configure:4101: gcc -c -arch x86_64 -Wall -O3 -fPIC -arch i386 -arch x86_64 -Dg77Fortran -fPIC -fno-common  conftest.c >&5
conftest.c: In function 'main':
conftest.c:34: error: 'flock_t' undeclared (first use in this function)
conftest.c:34: error: (Each undeclared identifier is reported only once
conftest.c:34: error: for each function it appears in.)
conftest.c:34: error: expected ';' before 'filler'
conftest.c: In function 'main':
conftest.c:34: error: 'flock_t' undeclared (first use in this function)
conftest.c:34: error: (Each undeclared identifier is reported only once
conftest.c:34: error: for each function it appears in.)
conftest.c:34: error: expected ';' before 'filler'
lipo: can't figure out the architecture type of: /var/folders/n0/128xpqlj32lg48pjwrlv_x5h0000gp/T//cc9whB29.out
configure:4101: $? = 1
configure: failed program was:
| /* confdefs.h */
| #define PACKAGE_NAME ""
| #define PACKAGE_TARNAME ""
| #define PACKAGE_VERSION ""
| #define PACKAGE_STRING ""
| #define PACKAGE_BUGREPORT ""
| #define PACKAGE_URL ""
| #define STDC_HEADERS 1
| #define HAVE_SYS_TYPES_H 1
| #define HAVE_SYS_STAT_H 1
| #define HAVE_STDLIB_H 1
| #define HAVE_STRING_H 1
| #define HAVE_MEMORY_H 1
| #define HAVE_STRINGS_H 1
| #define HAVE_INTTYPES_H 1
| #define HAVE_STDINT_H 1
| #define HAVE_UNISTD_H 1
| #define HAVE_STDLIB_H 1
| #define HAVE_STRING_H 1
| #define HAVE_MATH_H 1
| #define HAVE_LIMITS_H 1
| #define _LARGEFILE_SOURCE 1
| #define _FILE_OFFSET_BITS 64
| #define HAVE_FTRUNCATE 1
| #define HAVE_LONGLONG 1
| #define HAVE_SHMEM_SERVICES 1
| /* end confdefs.h.  */
| #include <sys/fcntl.h>
| 
| int
| main ()
| {
| 
| flock_t filler;
| 
|   ;
|   return 0;
| }
configure:4109: result: "no"
configure:4115: checking "do we have flock_t defined in sys/flock.h"
configure:4131: gcc -c -arch x86_64 -Wall -O3 -fPIC -arch i386 -arch x86_64 -Dg77Fortran -fPIC -fno-common  conftest.c >&5
conftest.c:28:23: error: sys/flock.h: No such file or directory
conftest.c: In function 'main':
conftest.c:34: error: 'flock_t' undeclared (first use in this function)
conftest.c:34: error: (Each undeclared identifier is reported only once
conftest.c:34: error: for each function it appears in.)
conftest.c:34: error: expected ';' before 'filler'
conftest.c:28:23: error: sys/flock.h: No such file or directory
conftest.c: In function 'main':
conftest.c:34: error: 'flock_t' undeclared (first use in this function)
conftest.c:34: error: (Each undeclared identifier is reported only once
conftest.c:34: error: for each function it appears in.)
conftest.c:34: error: expected ';' before 'filler'
lipo: can't figure out the architecture type of: /var/folders/n0/128xpqlj32lg48pjwrlv_x5h0000gp/T//ccztUld8.out
configure:4131: $? = 1
configure: failed program was:
| /* confdefs.h */
| #define PACKAGE_NAME ""
| #define PACKAGE_TARNAME ""
| #define PACKAGE_VERSION ""
| #define PACKAGE_STRING ""
| #define PACKAGE_BUGREPORT ""
| #define PACKAGE_URL ""
| #define STDC_HEADERS 1
| #define HAVE_SYS_TYPES_H 1
| #define HAVE_SYS_STAT_H 1
| #define HAVE_STDLIB_H 1
| #define HAVE_STRING_H 1
| #define HAVE_MEMORY_H 1
| #define HAVE_STRINGS_H 1
| #define HAVE_INTTYPES_H 1
| #define HAVE_STDINT_H 1
| #define HAVE_UNISTD_H 1
| #define HAVE_STDLIB_H 1
| #define HAVE_STRING_H 1
| #define HAVE_MATH_H 1
| #define HAVE_LIMITS_H 1
| #define _LARGEFILE_SOURCE 1
| #define _FILE_OFFSET_BITS 64
| #define HAVE_FTRUNCATE 1
| #define HAVE_LONGLONG 1
| #define HAVE_SHMEM_SERVICES 1
| /* end confdefs.h.  */
| #include <sys/flock.h>
| 
| int
| main ()
| {
| 
|    flock_t filler;
| 
|   ;
|   return 0;
| }
configure:4139: result: "no"
configure:4150: checking "do we have union semun defined"
configure:4168: gcc -c -arch x86_64 -Wall -O3 -fPIC -arch i386 -arch x86_64 -Dg77Fortran -fPIC -fno-common  conftest.c >&5
conftest.c: In function 'main':
conftest.c:36: warning: unused variable 'filler'
conftest.c: In function 'main':
conftest.c:36: warning: unused variable 'filler'
configure:4168: $? = 0
configure:4172: result: "yes"
configure:4184: checking for library containing gethostbyname
configure:4215: gcc -o conftest -arch x86_64 -Wall -O3 -fPIC -arch i386 -arch x86_64 -Dg77Fortran -fPIC -fno-common  -arch x86_64 conftest.c  >&5
configure:4215: $? = 0
configure:4232: result: none required
configure:4242: checking for library containing connect
configure:4273: gcc -o conftest -arch x86_64 -Wall -O3 -fPIC -arch i386 -arch x86_64 -Dg77Fortran -fPIC -fno-common  -arch x86_64 conftest.c  >&5
configure:4273: $? = 0
configure:4290: result: none required
configure:4510: creating ./config.status

## ---------------------- ##
## Running config.status. ##
## ---------------------- ##

This file was extended by config.status, which was
generated by GNU Autoconf 2.68.  Invocation command line was

  CONFIG_FILES    = 
  CONFIG_HEADERS  = 
  CONFIG_LINKS    = 
  CONFIG_COMMANDS = 
  $ ./config.status 

on Bashos-MacBook-Air.local

config.status:748: creating Makefile
configure:5679: creating ./config.status

## ---------------------- ##
## Running config.status. ##
## ---------------------- ##

This file was extended by config.status, which was
generated by GNU Autoconf 2.68.  Invocation command line was

  CONFIG_FILES    = 
  CONFIG_HEADERS  = 
  CONFIG_LINKS    = 
  CONFIG_COMMANDS = 
  $ ./config.status 

on Bashos-MacBook-Air.local

config.status:749: creating Makefile
config.status:749: creating cfitsio.pc
configure:6699: result: 
configure:6701: result:     Congratulations, Makefile update was successful.
configure:6703: result:     You may want to run "make" now.
configure:6705: result: 

## ---------------- ##
## Cache variables. ##
## ---------------- ##

ac_cv_c_compiler_gnu=yes
ac_cv_env_CC_set=
ac_cv_env_CC_value=
ac_cv_env_CFLAGS_set=set
ac_cv_env_CFLAGS_value='-arch x86_64 -Wall -O3 -fPIC'
ac_cv_env_CPPFLAGS_set=
ac_cv_env_CPPFLAGS_value=
ac_cv_env_CPP_set=
ac_cv_env_CPP_value=
ac_cv_env_LDFLAGS_set=set
ac_cv_env_LDFLAGS_value='-arch x86_64'
ac_cv_env_LIBS_set=
ac_cv_env_LIBS_value=
ac_cv_env_build_alias_set=
ac_cv_env_build_alias_value=
ac_cv_env_host_alias_set=
ac_cv_env_host_alias_value=
ac_cv_env_target_alias_set=
ac_cv_env_target_alias_value=
ac_cv_header_inttypes_h=yes
ac_cv_header_limits_h=yes
ac_cv_header_math_h=yes
ac_cv_header_memory_h=yes
ac_cv_header_stdc=yes
ac_cv_header_stdint_h=yes
ac_cv_header_stdlib_h=yes
ac_cv_header_string_h=yes
ac_cv_header_strings_h=yes
ac_cv_header_sys_stat_h=yes
ac_cv_header_sys_types_h=yes
ac_cv_header_unistd_h=yes
ac_cv_objext=o
ac_cv_path_EGREP='/usr/bin/grep -E'
ac_cv_path_GREP=/usr/bin/grep
ac_cv_prog_CPP='gcc -E'
ac_cv_prog_ac_ct_CC=gcc
ac_cv_prog_ac_ct_RANLIB=ranlib
ac_cv_prog_cc_c89=
ac_cv_prog_cc_g=yes
ac_cv_prog_uname_found=1
ac_cv_search_connect='none required'
ac_cv_search_gethostbyname='none required'

## ----------------- ##
## Output variables. ##
## ----------------- ##

ARCH='i386'
CC='gcc'
CFLAGS='-arch x86_64 -Wall -O3 -fPIC -arch i386 -arch x86_64 -Dg77Fortran -fPIC -fno-common'
CPP='gcc -E'
CPPFLAGS=''
DEFS='-DPACKAGE_NAME=\"\" -DPACKAGE_TARNAME=\"\" -DPACKAGE_VERSION=\"\" -DPACKAGE_STRING=\"\" -DPACKAGE_BUGREPORT=\"\" -DPACKAGE_URL=\"\" -DSTDC_HEADERS=1 -DHAVE_SYS_TYPES_H=1 -DHAVE_SYS_STAT_H=1 -DHAVE_STDLIB_H=1 -DHAVE_STRING_H=1 -DHAVE_MEMORY_H=1 -DHAVE_STRINGS_H=1 -DHAVE_INTTYPES_H=1 -DHAVE_STDINT_H=1 -DHAVE_UNISTD_H=1 -DHAVE_STDLIB_H=1 -DHAVE_STRING_H=1 -DHAVE_MATH_H=1 -DHAVE_LIMITS_H=1 -D_LARGEFILE_SOURCE=1 -D_FILE_OFFSET_BITS=64 -DHAVE_FTRUNCATE=1 -DHAVE_LONGLONG=1 -DHAVE_SHMEM_SERVICES=1 -DHAVE_UNION_SEMUN=1 -DHAVE_NET_SERVICES=1'
ECHO_C='\c'
ECHO_N=''
ECHO_T=''
EGREP='/usr/bin/grep -E'
EXEEXT=''
F77_WRAPPERS='${FITSIO_SRC}'
FC='notfound'
GCCVERSION='4.2.1'
GREP='/usr/bin/grep'
INSTALL_ROOT='${prefix}'
LDFLAGS='-arch x86_64'
LIBOBJS=''
LIBPRE=''
LIBS=''
LTLIBOBJS=''
OBJEXT='o'
PACKAGE_BUGREPORT=''
PACKAGE_NAME=''
PACKAGE_STRING=''
PACKAGE_TARNAME=''
PACKAGE_URL=''
PACKAGE_VERSION=''
PATH_SEPARATOR=':'
RANLIB='ranlib'
SHELL='/bin/sh'
SHLIB_LD='gcc -dynamiclib -arch i386 -arch x86_64'
SHLIB_SUFFIX='.dylib'
SSE_FLAGS=''
ac_ct_CC='gcc'
bindir='${exec_prefix}/bin'
build_alias=''
datadir='${datarootdir}'
datarootdir='${prefix}/share'
docdir='${datarootdir}/doc/${PACKAGE}'
dvidir='${docdir}'
exec_prefix='${prefix}'
host_alias=''
htmldir='${docdir}'
includedir='${prefix}/include'
infodir='${datarootdir}/info'
libdir='${exec_prefix}/lib'
libexecdir='${exec_prefix}/libexec'
localedir='${datarootdir}/locale'
localstatedir='${prefix}/var'
mandir='${datarootdir}/man'
my_shmem='${SOURCES_SHMEM}'
oldincludedir='/usr/include'
pdfdir='${docdir}'
prefix='/Users/nathan/Documents/Repositories/hearlpix/c_src/cfitsio'
program_transform_name='s,x,x,'
psdir='${docdir}'
sbindir='${exec_prefix}/sbin'
sharedstatedir='${prefix}/com'
sysconfdir='${prefix}/etc'
target_alias=''
uname_found='1'

## ----------- ##
## confdefs.h. ##
## ----------- ##

/* confdefs.h */
#define PACKAGE_NAME ""
#define PACKAGE_TARNAME ""
#define PACKAGE_VERSION ""
#define PACKAGE_STRING ""
#define PACKAGE_BUGREPORT ""
#define PACKAGE_URL ""
#define STDC_HEADERS 1
#define HAVE_SYS_TYPES_H 1
#define HAVE_SYS_STAT_H 1
#define HAVE_STDLIB_H 1
#define HAVE_STRING_H 1
#define HAVE_MEMORY_H 1
#define HAVE_STRINGS_H 1
#define HAVE_INTTYPES_H 1
#define HAVE_STDINT_H 1
#define HAVE_UNISTD_H 1
#define HAVE_STDLIB_H 1
#define HAVE_STRING_H 1
#define HAVE_MATH_H 1
#define HAVE_LIMITS_H 1
#define _LARGEFILE_SOURCE 1
#define _FILE_OFFSET_BITS 64
#define HAVE_FTRUNCATE 1
#define HAVE_LONGLONG 1
#define HAVE_SHMEM_SERVICES 1
#define HAVE_UNION_SEMUN 1
#define HAVE_NET_SERVICES 1

configure: exit 0
