This file contains any messages produced by compilers while
running configure, to aid debugging if configure makes a mistake.

It was created by configure, which was
generated by GNU Autoconf 2.69.  Invocation command line was

  $ ./configure --with-libcfitsio=/Users/nathan/Documents/Repositories/hearlpix/priv/cfitsio/

## --------- ##
## Platform. ##
## --------- ##

hostname = Bashos-MacBook-Air.local
uname -m = x86_64
uname -r = 12.3.0
uname -s = Darwin
uname -v = Darwin Kernel Version 12.3.0: Sun Jan  6 22:37:10 PST 2013; root:xnu-2050.22.13~1/RELEASE_X86_64

/usr/bin/uname -p = i386
/bin/uname -X     = unknown

/bin/arch              = unknown
/usr/bin/arch -k       = unknown
/usr/convex/getsysinfo = unknown
/usr/bin/hostinfo      = Mach kernel version:
	 Darwin Kernel Version 12.3.0: Sun Jan  6 22:37:10 PST 2013; root:xnu-2050.22.13~1/RELEASE_X86_64
Kernel configured for up to 4 processors.
2 processors are physically available.
4 processors are logically available.
Processor type: i486 (Intel 80486)
Processors active: 0 1 2 3
Primary memory available: 8.00 gigabytes
Default processor set: 176 tasks, 875 threads, 4 processors
Load average: 1.32, Mach factor: 2.67
/bin/machine           = unknown
/usr/bin/oslevel       = unknown
/bin/universe          = unknown

PATH: /usr/bin
PATH: /bin
PATH: /usr/sbin
PATH: /sbin
PATH: /usr/local/bin
PATH: /usr/local/git/bin
PATH: /Users/nathan/.rvm/bin


## ----------- ##
## Core tests. ##
## ----------- ##

configure:2137: checking for uname
configure:2153: found /usr/bin/uname
configure:2165: result: 1
configure:2233: checking for gcc
configure:2249: found /usr/bin/gcc
configure:2260: result: gcc
configure:2489: checking for C compiler version
configure:2498: gcc --version >&5
i686-apple-darwin11-llvm-gcc-4.2 (GCC) 4.2.1 (Based on Apple Inc. build 5658) (LLVM build 2336.11.00)
Copyright (C) 2007 Free Software Foundation, Inc.
This is free software; see the source for copying conditions.  There is NO
warranty; not even for MERCHANTABILITY or FITNESS FOR A PARTICULAR PURPOSE.

configure:2509: $? = 0
configure:2498: gcc -v >&5
Using built-in specs.
Target: i686-apple-darwin11
Configured with: /private/var/tmp/llvmgcc42/llvmgcc42-2336.11~182/src/configure --disable-checking --enable-werror --prefix=/Applications/Xcode.app/Contents/Developer/usr/llvm-gcc-4.2 --mandir=/share/man --enable-languages=c,objc,c++,obj-c++ --program-prefix=llvm- --program-transform-name=/^[cg][^.-]*$/s/$/-4.2/ --with-slibdir=/usr/lib --build=i686-apple-darwin11 --enable-llvm=/private/var/tmp/llvmgcc42/llvmgcc42-2336.11~182/dst-llvmCore/Developer/usr/local --program-prefix=i686-apple-darwin11- --host=x86_64-apple-darwin11 --target=i686-apple-darwin11 --with-gxx-include-dir=/usr/include/c++/4.2.1
Thread model: posix
gcc version 4.2.1 (Based on Apple Inc. build 5658) (LLVM build 2336.11.00)
configure:2509: $? = 0
configure:2498: gcc -V >&5
llvm-gcc-4.2: argument to `-V' is missing
configure:2509: $? = 1
configure:2498: gcc -qversion >&5
i686-apple-darwin11-llvm-gcc-4.2: no input files
configure:2509: $? = 1
configure:2529: checking whether the C compiler works
configure:2551: gcc -arch x86_64 -Wall -O3 -fPIC  -arch x86_64 conftest.c  >&5
configure:2555: $? = 0
configure:2603: result: yes
configure:2606: checking for C compiler default output file name
configure:2608: result: a.out
configure:2614: checking for suffix of executables
configure:2621: gcc -o conftest -arch x86_64 -Wall -O3 -fPIC  -arch x86_64 conftest.c  >&5
configure:2625: $? = 0
configure:2647: result: 
configure:2669: checking whether we are cross compiling
configure:2677: gcc -o conftest -arch x86_64 -Wall -O3 -fPIC  -arch x86_64 conftest.c  >&5
configure:2681: $? = 0
configure:2688: ./conftest
configure:2692: $? = 0
configure:2707: result: no
configure:2712: checking for suffix of object files
configure:2734: gcc -c -arch x86_64 -Wall -O3 -fPIC  conftest.c >&5
configure:2738: $? = 0
configure:2759: result: o
configure:2763: checking whether we are using the GNU C compiler
configure:2782: gcc -c -arch x86_64 -Wall -O3 -fPIC  conftest.c >&5
configure:2782: $? = 0
configure:2791: result: yes
configure:2800: checking whether gcc accepts -g
configure:2820: gcc -c -g  conftest.c >&5
configure:2820: $? = 0
configure:2861: result: yes
configure:2878: checking for gcc option to accept ISO C89
configure:2941: gcc  -c -arch x86_64 -Wall -O3 -fPIC  conftest.c >&5
configure:2941: $? = 0
configure:2954: result: none needed
configure:2974: checking for gcc option to accept ISO C99
configure:3123: gcc  -c -arch x86_64 -Wall -O3 -fPIC  conftest.c >&5
conftest.c:59: error: expected ';', ',' or ')' before 'text'
conftest.c: In function 'main':
conftest.c:111: warning: implicit declaration of function 'test_restrict'
conftest.c:113: error: nested functions are disabled, use -fnested-functions to re-enable
conftest.c:113: error: expected '=', ',', ';', 'asm' or '__attribute__' before 'newvar'
conftest.c:113: error: 'newvar' undeclared (first use in this function)
conftest.c:113: error: (Each undeclared identifier is reported only once
conftest.c:113: error: for each function it appears in.)
conftest.c:123: error: 'for' loop initial declaration used outside C99 mode
configure:3123: $? = 1
configure: failed program was:
| /* confdefs.h */
| #define PACKAGE_NAME ""
| #define PACKAGE_TARNAME ""
| #define PACKAGE_VERSION ""
| #define PACKAGE_STRING ""
| #define PACKAGE_BUGREPORT ""
| #define PACKAGE_URL ""
| /* end confdefs.h.  */
| #include <stdarg.h>
| #include <stdbool.h>
| #include <stdlib.h>
| #include <wchar.h>
| #include <stdio.h>
| 
| // Check varargs macros.  These examples are taken from C99 6.10.3.5.
| #define debug(...) fprintf (stderr, __VA_ARGS__)
| #define showlist(...) puts (#__VA_ARGS__)
| #define report(test,...) ((test) ? puts (#test) : printf (__VA_ARGS__))
| static void
| test_varargs_macros (void)
| {
|   int x = 1234;
|   int y = 5678;
|   debug ("Flag");
|   debug ("X = %d\n", x);
|   showlist (The first, second, and third items.);
|   report (x>y, "x is %d but y is %d", x, y);
| }
| 
| // Check long long types.
| #define BIG64 18446744073709551615ull
| #define BIG32 4294967295ul
| #define BIG_OK (BIG64 / BIG32 == 4294967297ull && BIG64 % BIG32 == 0)
| #if !BIG_OK
|   your preprocessor is broken;
| #endif
| #if BIG_OK
| #else
|   your preprocessor is broken;
| #endif
| static long long int bignum = -9223372036854775807LL;
| static unsigned long long int ubignum = BIG64;
| 
| struct incomplete_array
| {
|   int datasize;
|   double data[];
| };
| 
| struct named_init {
|   int number;
|   const wchar_t *name;
|   double average;
| };
| 
| typedef const char *ccp;
| 
| static inline int
| test_restrict (ccp restrict text)
| {
|   // See if C++-style comments work.
|   // Iterate through items via the restricted pointer.
|   // Also check for declarations in for loops.
|   for (unsigned int i = 0; *(text+i) != '\0'; ++i)
|     continue;
|   return 0;
| }
| 
| // Check varargs and va_copy.
| static void
| test_varargs (const char *format, ...)
| {
|   va_list args;
|   va_start (args, format);
|   va_list args_copy;
|   va_copy (args_copy, args);
| 
|   const char *str;
|   int number;
|   float fnumber;
| 
|   while (*format)
|     {
|       switch (*format++)
| 	{
| 	case 's': // string
| 	  str = va_arg (args_copy, const char *);
| 	  break;
| 	case 'd': // int
| 	  number = va_arg (args_copy, int);
| 	  break;
| 	case 'f': // float
| 	  fnumber = va_arg (args_copy, double);
| 	  break;
| 	default:
| 	  break;
| 	}
|     }
|   va_end (args_copy);
|   va_end (args);
| }
| 
| int
| main ()
| {
| 
|   // Check bool.
|   _Bool success = false;
| 
|   // Check restrict.
|   if (test_restrict ("String literal") == 0)
|     success = true;
|   char *restrict newvar = "Another string";
| 
|   // Check varargs.
|   test_varargs ("s, d' f .", "string", 65, 34.234);
|   test_varargs_macros ();
| 
|   // Check flexible array members.
|   struct incomplete_array *ia =
|     malloc (sizeof (struct incomplete_array) + (sizeof (double) * 10));
|   ia->datasize = 10;
|   for (int i = 0; i < ia->datasize; ++i)
|     ia->data[i] = i * 1.234;
| 
|   // Check named initializers.
|   struct named_init ni = {
|     .number = 34,
|     .name = L"Test wide string",
|     .average = 543.34343,
|   };
| 
|   ni.number = 58;
| 
|   int dynamic_array[ni.number];
|   dynamic_array[ni.number - 1] = 543;
| 
|   // work around unused variable warnings
|   return (!success || bignum == 0LL || ubignum == 0uLL || newvar[0] == 'x'
| 	  || dynamic_array[ni.number - 1] != 543);
| 
|   ;
|   return 0;
| }
configure:3123: gcc -std=gnu99 -c -arch x86_64 -Wall -O3 -fPIC  conftest.c >&5
configure:3123: $? = 0
configure:3143: result: -std=gnu99
configure:3166: gcc -std=gnu99 -c -arch x86_64 -Wall -O3 -fPIC  conftest.c >&5
conftest.c: In function 'main':
conftest.c:14: error: 'choke' undeclared (first use in this function)
conftest.c:14: error: (Each undeclared identifier is reported only once
conftest.c:14: error: for each function it appears in.)
conftest.c:14: error: expected ';' before 'me'
configure:3166: $? = 1
configure: failed program was:
| /* confdefs.h */
| #define PACKAGE_NAME ""
| #define PACKAGE_TARNAME ""
| #define PACKAGE_VERSION ""
| #define PACKAGE_STRING ""
| #define PACKAGE_BUGREPORT ""
| #define PACKAGE_URL ""
| /* end confdefs.h.  */
| 
| int
| main ()
| {
| #ifndef __INTEL_COMPILER
| choke me
| #endif
|   ;
|   return 0;
| }
configure:3185: checking for gcc -std=gnu99 option to support OpenMP
configure:3200: gcc -std=gnu99 -o conftest -arch x86_64 -Wall -O3 -fPIC  -arch x86_64 conftest.c  >&5
conftest.c:11: error: expected '=', ',', ';', 'asm' or '__attribute__' before 'me'
In file included from conftest.c:13:
/usr/llvm-gcc-4.2/bin/../lib/gcc/i686-apple-darwin11/4.2.1/include/omp.h:68: error: expected ')' before '*' token
/usr/llvm-gcc-4.2/bin/../lib/gcc/i686-apple-darwin11/4.2.1/include/omp.h:69: error: expected ')' before '*' token
/usr/llvm-gcc-4.2/bin/../lib/gcc/i686-apple-darwin11/4.2.1/include/omp.h:70: error: expected ')' before '*' token
/usr/llvm-gcc-4.2/bin/../lib/gcc/i686-apple-darwin11/4.2.1/include/omp.h:71: error: expected ')' before '*' token
/usr/llvm-gcc-4.2/bin/../lib/gcc/i686-apple-darwin11/4.2.1/include/omp.h:72: error: expected ')' before '*' token
configure:3200: $? = 1
configure: failed program was:
| /* confdefs.h */
| #define PACKAGE_NAME ""
| #define PACKAGE_TARNAME ""
| #define PACKAGE_VERSION ""
| #define PACKAGE_STRING ""
| #define PACKAGE_BUGREPORT ""
| #define PACKAGE_URL ""
| /* end confdefs.h.  */
| 
| #ifndef _OPENMP
|  choke me
| #endif
| #include <omp.h>
| int main () { return omp_get_num_threads (); }
| 
configure:3218: gcc -std=gnu99 -o conftest -arch x86_64 -Wall -O3 -fPIC -fopenmp  -arch x86_64 conftest.c  >&5
configure:3218: $? = 0
configure:3232: result: -fopenmp
configure:3309: checking for g++
configure:3325: found /usr/bin/g++
configure:3336: result: g++
configure:3363: checking for C++ compiler version
configure:3372: g++ --version >&5
i686-apple-darwin11-llvm-g++-4.2 (GCC) 4.2.1 (Based on Apple Inc. build 5658) (LLVM build 2336.11.00)
Copyright (C) 2007 Free Software Foundation, Inc.
This is free software; see the source for copying conditions.  There is NO
warranty; not even for MERCHANTABILITY or FITNESS FOR A PARTICULAR PURPOSE.

configure:3383: $? = 0
configure:3372: g++ -v >&5
Using built-in specs.
Target: i686-apple-darwin11
Configured with: /private/var/tmp/llvmgcc42/llvmgcc42-2336.11~182/src/configure --disable-checking --enable-werror --prefix=/Applications/Xcode.app/Contents/Developer/usr/llvm-gcc-4.2 --mandir=/share/man --enable-languages=c,objc,c++,obj-c++ --program-prefix=llvm- --program-transform-name=/^[cg][^.-]*$/s/$/-4.2/ --with-slibdir=/usr/lib --build=i686-apple-darwin11 --enable-llvm=/private/var/tmp/llvmgcc42/llvmgcc42-2336.11~182/dst-llvmCore/Developer/usr/local --program-prefix=i686-apple-darwin11- --host=x86_64-apple-darwin11 --target=i686-apple-darwin11 --with-gxx-include-dir=/usr/include/c++/4.2.1
Thread model: posix
gcc version 4.2.1 (Based on Apple Inc. build 5658) (LLVM build 2336.11.00)
configure:3383: $? = 0
configure:3372: g++ -V >&5
llvm-g++-4.2: argument to `-V' is missing
configure:3383: $? = 1
configure:3372: g++ -qversion >&5
i686-apple-darwin11-llvm-g++-4.2: no input files
configure:3383: $? = 1
configure:3387: checking whether we are using the GNU C++ compiler
configure:3406: g++ -c -arch x86_64 -Wall -O3 -fPIC  conftest.cpp >&5
configure:3406: $? = 0
configure:3415: result: yes
configure:3424: checking whether g++ accepts -g
configure:3444: g++ -c -g  conftest.cpp >&5
configure:3444: $? = 0
configure:3485: result: yes
configure:3522: g++ -c -arch x86_64 -Wall -O3 -fPIC  conftest.cpp >&5
conftest.cpp: In function 'int main()':
conftest.cpp:14: error: 'choke' was not declared in this scope
conftest.cpp:14: error: expected `;' before 'me'
configure:3522: $? = 1
configure: failed program was:
| /* confdefs.h */
| #define PACKAGE_NAME ""
| #define PACKAGE_TARNAME ""
| #define PACKAGE_VERSION ""
| #define PACKAGE_STRING ""
| #define PACKAGE_BUGREPORT ""
| #define PACKAGE_URL ""
| /* end confdefs.h.  */
| 
| int
| main ()
| {
| #ifndef __INTEL_COMPILER
| choke me
| #endif
|   ;
|   return 0;
| }
configure:3542: checking for g++ option to support OpenMP
configure:3557: g++ -o conftest -arch x86_64 -Wall -O3 -fPIC  -arch x86_64 conftest.cpp  >&5
conftest.cpp:11: error: 'choke' does not name a type
In file included from conftest.cpp:13:
/usr/llvm-gcc-4.2/bin/../lib/gcc/i686-apple-darwin11/4.2.1/include/omp.h:41: error: expected constructor, destructor, or type conversion before ';' token
/usr/llvm-gcc-4.2/bin/../lib/gcc/i686-apple-darwin11/4.2.1/include/omp.h:68: error: variable or field 'omp_init_lock' declared void
/usr/llvm-gcc-4.2/bin/../lib/gcc/i686-apple-darwin11/4.2.1/include/omp.h:68: error: 'omp_lock_t' was not declared in this scope
/usr/llvm-gcc-4.2/bin/../lib/gcc/i686-apple-darwin11/4.2.1/include/omp.h:68: error: expected primary-expression before ')' token
/usr/llvm-gcc-4.2/bin/../lib/gcc/i686-apple-darwin11/4.2.1/include/omp.h:69: error: variable or field 'omp_destroy_lock' declared void
/usr/llvm-gcc-4.2/bin/../lib/gcc/i686-apple-darwin11/4.2.1/include/omp.h:69: error: 'omp_lock_t' was not declared in this scope
/usr/llvm-gcc-4.2/bin/../lib/gcc/i686-apple-darwin11/4.2.1/include/omp.h:69: error: expected primary-expression before ')' token
/usr/llvm-gcc-4.2/bin/../lib/gcc/i686-apple-darwin11/4.2.1/include/omp.h:70: error: variable or field 'omp_set_lock' declared void
/usr/llvm-gcc-4.2/bin/../lib/gcc/i686-apple-darwin11/4.2.1/include/omp.h:70: error: 'omp_lock_t' was not declared in this scope
/usr/llvm-gcc-4.2/bin/../lib/gcc/i686-apple-darwin11/4.2.1/include/omp.h:70: error: expected primary-expression before ')' token
/usr/llvm-gcc-4.2/bin/../lib/gcc/i686-apple-darwin11/4.2.1/include/omp.h:71: error: variable or field 'omp_unset_lock' declared void
/usr/llvm-gcc-4.2/bin/../lib/gcc/i686-apple-darwin11/4.2.1/include/omp.h:71: error: 'omp_lock_t' was not declared in this scope
/usr/llvm-gcc-4.2/bin/../lib/gcc/i686-apple-darwin11/4.2.1/include/omp.h:71: error: expected primary-expression before ')' token
/usr/llvm-gcc-4.2/bin/../lib/gcc/i686-apple-darwin11/4.2.1/include/omp.h:72: error: 'omp_lock_t' was not declared in this scope
/usr/llvm-gcc-4.2/bin/../lib/gcc/i686-apple-darwin11/4.2.1/include/omp.h:72: error: expected primary-expression before ')' token
configure:3557: $? = 1
configure: failed program was:
| /* confdefs.h */
| #define PACKAGE_NAME ""
| #define PACKAGE_TARNAME ""
| #define PACKAGE_VERSION ""
| #define PACKAGE_STRING ""
| #define PACKAGE_BUGREPORT ""
| #define PACKAGE_URL ""
| /* end confdefs.h.  */
| 
| #ifndef _OPENMP
|  choke me
| #endif
| #include <omp.h>
| int main () { return omp_get_num_threads (); }
| 
configure:3575: g++ -o conftest -arch x86_64 -Wall -O3 -fPIC -fopenmp  -arch x86_64 conftest.cpp  >&5
configure:3575: $? = 0
configure:3589: result: -fopenmp
configure:3727: checking for ffgnrwll in -lcfitsio
configure:3752: gcc -std=gnu99 -o conftest -arch x86_64 -Wall -O3 -fPIC -I/Users/nathan/Documents/Repositories/hearlpix/priv/cfitsio//include  -L/Users/nathan/Documents/Repositories/hearlpix/priv/cfitsio//lib -arch x86_64 conftest.c -lcfitsio -lm  >&5
configure:3752: $? = 0
configure:3761: result: yes
configure:3779: checking how to run the C preprocessor
configure:3810: gcc -std=gnu99 -E -I/Users/nathan/Documents/Repositories/hearlpix/priv/cfitsio//include  conftest.c
configure:3810: $? = 0
configure:3824: gcc -std=gnu99 -E -I/Users/nathan/Documents/Repositories/hearlpix/priv/cfitsio//include  conftest.c
conftest.c:10:28: error: ac_nonexistent.h: No such file or directory
configure:3824: $? = 1
configure: failed program was:
| /* confdefs.h */
| #define PACKAGE_NAME ""
| #define PACKAGE_TARNAME ""
| #define PACKAGE_VERSION ""
| #define PACKAGE_STRING ""
| #define PACKAGE_BUGREPORT ""
| #define PACKAGE_URL ""
| #define HAVE_LIBCFITSIO 1
| /* end confdefs.h.  */
| #include <ac_nonexistent.h>
configure:3849: result: gcc -std=gnu99 -E
configure:3869: gcc -std=gnu99 -E -I/Users/nathan/Documents/Repositories/hearlpix/priv/cfitsio//include  conftest.c
configure:3869: $? = 0
configure:3883: gcc -std=gnu99 -E -I/Users/nathan/Documents/Repositories/hearlpix/priv/cfitsio//include  conftest.c
conftest.c:10:28: error: ac_nonexistent.h: No such file or directory
configure:3883: $? = 1
configure: failed program was:
| /* confdefs.h */
| #define PACKAGE_NAME ""
| #define PACKAGE_TARNAME ""
| #define PACKAGE_VERSION ""
| #define PACKAGE_STRING ""
| #define PACKAGE_BUGREPORT ""
| #define PACKAGE_URL ""
| #define HAVE_LIBCFITSIO 1
| /* end confdefs.h.  */
| #include <ac_nonexistent.h>
configure:3912: checking for grep that handles long lines and -e
configure:3970: result: /usr/bin/grep
configure:3975: checking for egrep
configure:4037: result: /usr/bin/grep -E
configure:4042: checking for ANSI C header files
configure:4062: gcc -std=gnu99 -c -arch x86_64 -Wall -O3 -fPIC -I/Users/nathan/Documents/Repositories/hearlpix/priv/cfitsio//include  conftest.c >&5
configure:4062: $? = 0
configure:4135: gcc -std=gnu99 -o conftest -arch x86_64 -Wall -O3 -fPIC -I/Users/nathan/Documents/Repositories/hearlpix/priv/cfitsio//include  -L/Users/nathan/Documents/Repositories/hearlpix/priv/cfitsio//lib -arch x86_64 conftest.c -lcfitsio  >&5
configure:4135: $? = 0
configure:4135: ./conftest
configure:4135: $? = 0
configure:4146: result: yes
configure:4159: checking for sys/types.h
configure:4159: gcc -std=gnu99 -c -arch x86_64 -Wall -O3 -fPIC -I/Users/nathan/Documents/Repositories/hearlpix/priv/cfitsio//include  conftest.c >&5
configure:4159: $? = 0
configure:4159: result: yes
configure:4159: checking for sys/stat.h
configure:4159: gcc -std=gnu99 -c -arch x86_64 -Wall -O3 -fPIC -I/Users/nathan/Documents/Repositories/hearlpix/priv/cfitsio//include  conftest.c >&5
configure:4159: $? = 0
configure:4159: result: yes
configure:4159: checking for stdlib.h
configure:4159: gcc -std=gnu99 -c -arch x86_64 -Wall -O3 -fPIC -I/Users/nathan/Documents/Repositories/hearlpix/priv/cfitsio//include  conftest.c >&5
configure:4159: $? = 0
configure:4159: result: yes
configure:4159: checking for string.h
configure:4159: gcc -std=gnu99 -c -arch x86_64 -Wall -O3 -fPIC -I/Users/nathan/Documents/Repositories/hearlpix/priv/cfitsio//include  conftest.c >&5
configure:4159: $? = 0
configure:4159: result: yes
configure:4159: checking for memory.h
configure:4159: gcc -std=gnu99 -c -arch x86_64 -Wall -O3 -fPIC -I/Users/nathan/Documents/Repositories/hearlpix/priv/cfitsio//include  conftest.c >&5
configure:4159: $? = 0
configure:4159: result: yes
configure:4159: checking for strings.h
configure:4159: gcc -std=gnu99 -c -arch x86_64 -Wall -O3 -fPIC -I/Users/nathan/Documents/Repositories/hearlpix/priv/cfitsio//include  conftest.c >&5
configure:4159: $? = 0
configure:4159: result: yes
configure:4159: checking for inttypes.h
configure:4159: gcc -std=gnu99 -c -arch x86_64 -Wall -O3 -fPIC -I/Users/nathan/Documents/Repositories/hearlpix/priv/cfitsio//include  conftest.c >&5
configure:4159: $? = 0
configure:4159: result: yes
configure:4159: checking for stdint.h
configure:4159: gcc -std=gnu99 -c -arch x86_64 -Wall -O3 -fPIC -I/Users/nathan/Documents/Repositories/hearlpix/priv/cfitsio//include  conftest.c >&5
configure:4159: $? = 0
configure:4159: result: yes
configure:4159: checking for unistd.h
configure:4159: gcc -std=gnu99 -c -arch x86_64 -Wall -O3 -fPIC -I/Users/nathan/Documents/Repositories/hearlpix/priv/cfitsio//include  conftest.c >&5
configure:4159: $? = 0
configure:4159: result: yes
configure:4173: checking fitsio.h usability
configure:4173: gcc -std=gnu99 -c -arch x86_64 -Wall -O3 -fPIC -I/Users/nathan/Documents/Repositories/hearlpix/priv/cfitsio//include  conftest.c >&5
configure:4173: $? = 0
configure:4173: result: yes
configure:4173: checking fitsio.h presence
configure:4173: gcc -std=gnu99 -E -I/Users/nathan/Documents/Repositories/hearlpix/priv/cfitsio//include  conftest.c
configure:4173: $? = 0
configure:4173: result: yes
configure:4173: checking for fitsio.h
configure:4173: result: yes
configure:4348: creating ./config.status

## ---------------------- ##
## Running config.status. ##
## ---------------------- ##

This file was extended by config.status, which was
generated by GNU Autoconf 2.69.  Invocation command line was

  CONFIG_FILES    = 
  CONFIG_HEADERS  = 
  CONFIG_LINKS    = 
  CONFIG_COMMANDS = 
  $ ./config.status 

on Bashos-MacBook-Air.local

config.status:737: creating config/config.auto

## ---------------- ##
## Cache variables. ##
## ---------------- ##

ac_cv_c_compiler_gnu=yes
ac_cv_cxx_compiler_gnu=yes
ac_cv_env_CCC_set=
ac_cv_env_CCC_value=
ac_cv_env_CC_set=
ac_cv_env_CC_value=
ac_cv_env_CFLAGS_set=set
ac_cv_env_CFLAGS_value='-arch x86_64 -Wall -O3 -fPIC'
ac_cv_env_CPPFLAGS_set=
ac_cv_env_CPPFLAGS_value=
ac_cv_env_CPP_set=
ac_cv_env_CPP_value=
ac_cv_env_CXXFLAGS_set=set
ac_cv_env_CXXFLAGS_value='-arch x86_64 -Wall -O3 -fPIC'
ac_cv_env_CXX_set=
ac_cv_env_CXX_value=
ac_cv_env_LDFLAGS_set=set
ac_cv_env_LDFLAGS_value='-arch x86_64'
ac_cv_env_LIBS_set=
ac_cv_env_LIBS_value=
ac_cv_env_build_alias_set=
ac_cv_env_build_alias_value=
ac_cv_env_host_alias_set=
ac_cv_env_host_alias_value=
ac_cv_env_target_alias_set=
ac_cv_env_target_alias_value=
ac_cv_header_fitsio_h=yes
ac_cv_header_inttypes_h=yes
ac_cv_header_memory_h=yes
ac_cv_header_stdc=yes
ac_cv_header_stdint_h=yes
ac_cv_header_stdlib_h=yes
ac_cv_header_string_h=yes
ac_cv_header_strings_h=yes
ac_cv_header_sys_stat_h=yes
ac_cv_header_sys_types_h=yes
ac_cv_header_unistd_h=yes
ac_cv_lib_cfitsio_ffgnrwll=yes
ac_cv_objext=o
ac_cv_path_EGREP='/usr/bin/grep -E'
ac_cv_path_GREP=/usr/bin/grep
ac_cv_prog_CPP='gcc -std=gnu99 -E'
ac_cv_prog_ac_ct_CC=gcc
ac_cv_prog_ac_ct_CXX=g++
ac_cv_prog_c_openmp=-fopenmp
ac_cv_prog_cc_c89=
ac_cv_prog_cc_c99=-std=gnu99
ac_cv_prog_cc_g=yes
ac_cv_prog_cxx_g=yes
ac_cv_prog_cxx_openmp=-fopenmp
ac_cv_prog_uname_found=1

## ----------------- ##
## Output variables. ##
## ----------------- ##

ARCREATE='libtool -static -o'
CC='gcc -std=gnu99'
CCFLAGS_NO_C='-O3 -ffast-math -fomit-frame-pointer -fno-tree-vectorize -fopenmp -I/Users/nathan/Documents/Repositories/hearlpix/priv/cfitsio//include '
CFLAGS='-arch x86_64 -Wall -O3 -fPIC'
CPP='gcc -std=gnu99 -E'
CPPFLAGS='-I/Users/nathan/Documents/Repositories/hearlpix/priv/cfitsio//include '
CXX='g++'
CXXCFLAGS_NO_C='-O2 -ffast-math -fomit-frame-pointer -fopenmp -I/Users/nathan/Documents/Repositories/hearlpix/priv/cfitsio//include '
CXXFLAGS='-arch x86_64 -Wall -O3 -fPIC'
DEFS='-DPACKAGE_NAME=\"\" -DPACKAGE_TARNAME=\"\" -DPACKAGE_VERSION=\"\" -DPACKAGE_STRING=\"\" -DPACKAGE_BUGREPORT=\"\" -DPACKAGE_URL=\"\" -DHAVE_LIBCFITSIO=1 -DSTDC_HEADERS=1 -DHAVE_SYS_TYPES_H=1 -DHAVE_SYS_STAT_H=1 -DHAVE_STDLIB_H=1 -DHAVE_STRING_H=1 -DHAVE_MEMORY_H=1 -DHAVE_STRINGS_H=1 -DHAVE_INTTYPES_H=1 -DHAVE_STDINT_H=1 -DHAVE_UNISTD_H=1 -DHAVE_FITSIO_H=1'
ECHO_C='\c'
ECHO_N=''
ECHO_T=''
EGREP='/usr/bin/grep -E'
EXEEXT=''
GCCVERSION='4.2.1'
GREP='/usr/bin/grep'
GXXVERSION='4.2.1'
LDCCFLAGS='-L/Users/nathan/Documents/Repositories/hearlpix/priv/cfitsio//lib -arch x86_64 -O3 -ffast-math -fomit-frame-pointer -fno-tree-vectorize -fopenmp'
LDCXXFLAGS='-L/Users/nathan/Documents/Repositories/hearlpix/priv/cfitsio//lib -arch x86_64 -O2 -ffast-math -fomit-frame-pointer -fopenmp'
LDFLAGS='-L/Users/nathan/Documents/Repositories/hearlpix/priv/cfitsio//lib -arch x86_64'
LIBOBJS=''
LIBS='-lcfitsio '
LTLIBOBJS=''
OBJEXT='o'
OPENMP_CFLAGS='-fopenmp'
OPENMP_CXXFLAGS='-fopenmp'
PACKAGE_BUGREPORT=''
PACKAGE_NAME=''
PACKAGE_STRING=''
PACKAGE_TARNAME=''
PACKAGE_URL=''
PACKAGE_VERSION=''
PATH_SEPARATOR=':'
SHELL='/bin/sh'
SILENT_RULE='.SILENT:'
ac_ct_CC='gcc'
ac_ct_CXX='g++'
bindir='${exec_prefix}/bin'
build_alias=''
datadir='${datarootdir}'
datarootdir='${prefix}/share'
docdir='${datarootdir}/doc/${PACKAGE}'
dvidir='${docdir}'
exec_prefix='${prefix}'
host_alias=''
htmldir='${docdir}'
includedir='${prefix}/include'
infodir='${datarootdir}/info'
libdir='${exec_prefix}/lib'
libexecdir='${exec_prefix}/libexec'
localedir='${datarootdir}/locale'
localstatedir='${prefix}/var'
mandir='${datarootdir}/man'
oldincludedir='/usr/include'
pdfdir='${docdir}'
prefix='/usr/local'
program_transform_name='s,x,x,'
psdir='${docdir}'
sbindir='${exec_prefix}/sbin'
sharedstatedir='${prefix}/com'
sysconfdir='${prefix}/etc'
target_alias=''
uname_found='1'

## ----------- ##
## confdefs.h. ##
## ----------- ##

/* confdefs.h */
#define PACKAGE_NAME ""
#define PACKAGE_TARNAME ""
#define PACKAGE_VERSION ""
#define PACKAGE_STRING ""
#define PACKAGE_BUGREPORT ""
#define PACKAGE_URL ""
#define HAVE_LIBCFITSIO 1
#define STDC_HEADERS 1
#define HAVE_SYS_TYPES_H 1
#define HAVE_SYS_STAT_H 1
#define HAVE_STDLIB_H 1
#define HAVE_STRING_H 1
#define HAVE_MEMORY_H 1
#define HAVE_STRINGS_H 1
#define HAVE_INTTYPES_H 1
#define HAVE_STDINT_H 1
#define HAVE_UNISTD_H 1
#define HAVE_FITSIO_H 1

configure: exit 0
